{"C:\\Users\\Merlin\\Documents\\Visual Code\\todo_api\\src\\index.ts": {"path":"C:\\Users\\Merlin\\Documents\\Visual Code\\todo_api\\src\\index.ts","all":false,"statementMap":{"0":{"start":{"line":1,"column":0},"end":{"line":1,"column":53}},"1":{"start":{"line":2,"column":0},"end":{"line":2,"column":36}},"3":{"start":{"line":4,"column":0},"end":{"line":4,"column":22}},"4":{"start":{"line":5,"column":0},"end":{"line":5,"column":18}},"6":{"start":{"line":7,"column":0},"end":{"line":7,"column":24}},"7":{"start":{"line":8,"column":0},"end":{"line":8,"column":48}},"21":{"start":{"line":22,"column":0},"end":{"line":22,"column":25}},"24":{"start":{"line":25,"column":0},"end":{"line":25,"column":52}},"25":{"start":{"line":26,"column":0},"end":{"line":26,"column":18}},"26":{"start":{"line":27,"column":0},"end":{"line":27,"column":3}},"29":{"start":{"line":30,"column":0},"end":{"line":30,"column":54}},"30":{"start":{"line":31,"column":0},"end":{"line":31,"column":83}},"31":{"start":{"line":32,"column":0},"end":{"line":32,"column":62}},"32":{"start":{"line":33,"column":0},"end":{"line":33,"column":94}},"33":{"start":{"line":34,"column":0},"end":{"line":34,"column":11}},"34":{"start":{"line":35,"column":0},"end":{"line":35,"column":3}},"35":{"start":{"line":36,"column":0},"end":{"line":36,"column":106}},"36":{"start":{"line":37,"column":0},"end":{"line":37,"column":22}},"37":{"start":{"line":38,"column":0},"end":{"line":38,"column":32}},"38":{"start":{"line":39,"column":0},"end":{"line":39,"column":3}},"41":{"start":{"line":42,"column":0},"end":{"line":42,"column":59}},"42":{"start":{"line":43,"column":0},"end":{"line":43,"column":28}},"43":{"start":{"line":44,"column":0},"end":{"line":44,"column":54}},"44":{"start":{"line":45,"column":0},"end":{"line":45,"column":19}},"45":{"start":{"line":46,"column":0},"end":{"line":46,"column":62}},"46":{"start":{"line":47,"column":0},"end":{"line":47,"column":3}},"47":{"start":{"line":48,"column":0},"end":{"line":48,"column":42}},"48":{"start":{"line":49,"column":0},"end":{"line":49,"column":20}},"49":{"start":{"line":50,"column":0},"end":{"line":50,"column":3}},"51":{"start":{"line":52,"column":0},"end":{"line":52,"column":24}},"52":{"start":{"line":53,"column":0},"end":{"line":53,"column":51}},"53":{"start":{"line":54,"column":0},"end":{"line":54,"column":3}}},"s":{"0":1,"1":1,"3":1,"4":1,"6":1,"7":1,"21":1,"24":1,"25":3,"26":3,"29":1,"30":4,"31":4,"32":1,"33":1,"34":1,"35":3,"36":3,"37":3,"38":3,"41":1,"42":2,"43":2,"44":2,"45":1,"46":1,"47":1,"48":1,"49":1,"51":1,"52":1,"53":1},"branchMap":{"0":{"type":"branch","line":25,"loc":{"start":{"line":25,"column":18},"end":{"line":27,"column":3}},"locations":[{"start":{"line":25,"column":18},"end":{"line":27,"column":3}}]},"1":{"type":"branch","line":30,"loc":{"start":{"line":30,"column":19},"end":{"line":39,"column":3}},"locations":[{"start":{"line":30,"column":19},"end":{"line":39,"column":3}}]},"2":{"type":"branch","line":32,"loc":{"start":{"line":32,"column":7},"end":{"line":32,"column":29}},"locations":[{"start":{"line":32,"column":7},"end":{"line":32,"column":29}}]},"3":{"type":"branch","line":32,"loc":{"start":{"line":32,"column":19},"end":{"line":32,"column":61}},"locations":[{"start":{"line":32,"column":19},"end":{"line":32,"column":61}}]},"4":{"type":"branch","line":32,"loc":{"start":{"line":32,"column":61},"end":{"line":35,"column":3}},"locations":[{"start":{"line":32,"column":61},"end":{"line":35,"column":3}}]},"5":{"type":"branch","line":35,"loc":{"start":{"line":35,"column":2},"end":{"line":39,"column":3}},"locations":[{"start":{"line":35,"column":2},"end":{"line":39,"column":3}}]},"6":{"type":"branch","line":42,"loc":{"start":{"line":42,"column":25},"end":{"line":50,"column":3}},"locations":[{"start":{"line":42,"column":25},"end":{"line":50,"column":3}}]},"7":{"type":"branch","line":45,"loc":{"start":{"line":45,"column":18},"end":{"line":50,"column":3}},"locations":[{"start":{"line":45,"column":18},"end":{"line":50,"column":3}}]},"8":{"type":"branch","line":44,"loc":{"start":{"line":44,"column":30},"end":{"line":44,"column":52}},"locations":[{"start":{"line":44,"column":30},"end":{"line":44,"column":52}}]},"9":{"type":"branch","line":52,"loc":{"start":{"line":52,"column":17},"end":{"line":54,"column":3}},"locations":[{"start":{"line":52,"column":17},"end":{"line":54,"column":3}}]}},"b":{"0":[3],"1":[4],"2":[3],"3":[3],"4":[1],"5":[3],"6":[2],"7":[1],"8":[1],"9":[1]},"fnMap":{},"f":{}}
}
