{"C:\\Users\\Merlin\\Documents\\Visual Code\\todo_api\\src\\index.ts": {"path":"C:\\Users\\Merlin\\Documents\\Visual Code\\todo_api\\src\\index.ts","all":false,"statementMap":{"0":{"start":{"line":1,"column":0},"end":{"line":1,"column":53}},"1":{"start":{"line":2,"column":0},"end":{"line":2,"column":36}},"3":{"start":{"line":4,"column":0},"end":{"line":4,"column":22}},"4":{"start":{"line":5,"column":0},"end":{"line":5,"column":18}},"6":{"start":{"line":7,"column":0},"end":{"line":7,"column":24}},"7":{"start":{"line":8,"column":0},"end":{"line":8,"column":48}},"21":{"start":{"line":22,"column":0},"end":{"line":22,"column":25}},"29":{"start":{"line":30,"column":0},"end":{"line":30,"column":52}},"30":{"start":{"line":31,"column":0},"end":{"line":31,"column":49}},"31":{"start":{"line":32,"column":0},"end":{"line":32,"column":66}},"32":{"start":{"line":33,"column":0},"end":{"line":33,"column":50}},"33":{"start":{"line":34,"column":0},"end":{"line":34,"column":18}},"34":{"start":{"line":35,"column":0},"end":{"line":35,"column":3}},"36":{"start":{"line":37,"column":0},"end":{"line":37,"column":47}},"37":{"start":{"line":38,"column":0},"end":{"line":38,"column":28}},"38":{"start":{"line":39,"column":0},"end":{"line":39,"column":3}},"40":{"start":{"line":41,"column":0},"end":{"line":41,"column":56}},"41":{"start":{"line":42,"column":0},"end":{"line":42,"column":49}},"42":{"start":{"line":43,"column":0},"end":{"line":43,"column":66}},"43":{"start":{"line":44,"column":0},"end":{"line":44,"column":50}},"44":{"start":{"line":45,"column":0},"end":{"line":45,"column":13}},"45":{"start":{"line":46,"column":0},"end":{"line":46,"column":3}},"48":{"start":{"line":49,"column":0},"end":{"line":49,"column":53}},"49":{"start":{"line":50,"column":0},"end":{"line":50,"column":49}},"50":{"start":{"line":51,"column":0},"end":{"line":51,"column":66}},"51":{"start":{"line":52,"column":0},"end":{"line":52,"column":50}},"52":{"start":{"line":53,"column":0},"end":{"line":53,"column":7}},"53":{"start":{"line":54,"column":0},"end":{"line":54,"column":75}},"54":{"start":{"line":55,"column":0},"end":{"line":55,"column":15}},"55":{"start":{"line":56,"column":0},"end":{"line":56,"column":64}},"56":{"start":{"line":57,"column":0},"end":{"line":57,"column":28}},"57":{"start":{"line":58,"column":0},"end":{"line":58,"column":72}},"58":{"start":{"line":59,"column":0},"end":{"line":59,"column":9}},"59":{"start":{"line":60,"column":0},"end":{"line":60,"column":13}},"60":{"start":{"line":61,"column":0},"end":{"line":61,"column":5}},"61":{"start":{"line":62,"column":0},"end":{"line":62,"column":27}},"62":{"start":{"line":63,"column":0},"end":{"line":63,"column":23}},"63":{"start":{"line":64,"column":0},"end":{"line":64,"column":14}},"64":{"start":{"line":65,"column":0},"end":{"line":65,"column":13}},"65":{"start":{"line":66,"column":0},"end":{"line":66,"column":18}},"66":{"start":{"line":67,"column":0},"end":{"line":67,"column":15}},"67":{"start":{"line":68,"column":0},"end":{"line":68,"column":15}},"68":{"start":{"line":69,"column":0},"end":{"line":69,"column":16}},"69":{"start":{"line":70,"column":0},"end":{"line":70,"column":6}},"70":{"start":{"line":71,"column":0},"end":{"line":71,"column":24}},"71":{"start":{"line":72,"column":0},"end":{"line":72,"column":34}},"72":{"start":{"line":73,"column":0},"end":{"line":73,"column":17}},"73":{"start":{"line":74,"column":0},"end":{"line":74,"column":26}},"74":{"start":{"line":75,"column":0},"end":{"line":75,"column":12}},"75":{"start":{"line":76,"column":0},"end":{"line":76,"column":106}},"76":{"start":{"line":77,"column":0},"end":{"line":77,"column":7}},"77":{"start":{"line":78,"column":0},"end":{"line":78,"column":3}},"78":{"start":{"line":79,"column":0},"end":{"line":79,"column":3}},"80":{"start":{"line":81,"column":0},"end":{"line":81,"column":60}},"81":{"start":{"line":82,"column":0},"end":{"line":82,"column":49}},"82":{"start":{"line":83,"column":0},"end":{"line":83,"column":66}},"83":{"start":{"line":84,"column":0},"end":{"line":84,"column":50}},"84":{"start":{"line":85,"column":0},"end":{"line":85,"column":13}},"85":{"start":{"line":86,"column":0},"end":{"line":86,"column":3}},"88":{"start":{"line":89,"column":0},"end":{"line":89,"column":57}},"89":{"start":{"line":90,"column":0},"end":{"line":90,"column":49}},"90":{"start":{"line":91,"column":0},"end":{"line":91,"column":66}},"91":{"start":{"line":92,"column":0},"end":{"line":92,"column":50}},"92":{"start":{"line":93,"column":0},"end":{"line":93,"column":28}},"93":{"start":{"line":94,"column":0},"end":{"line":94,"column":33}},"94":{"start":{"line":95,"column":0},"end":{"line":95,"column":46}},"95":{"start":{"line":96,"column":0},"end":{"line":96,"column":14}},"96":{"start":{"line":97,"column":0},"end":{"line":97,"column":55}},"97":{"start":{"line":98,"column":0},"end":{"line":98,"column":11}},"98":{"start":{"line":99,"column":0},"end":{"line":99,"column":3}},"99":{"start":{"line":100,"column":0},"end":{"line":100,"column":39}},"100":{"start":{"line":101,"column":0},"end":{"line":101,"column":72}},"101":{"start":{"line":102,"column":0},"end":{"line":102,"column":11}},"102":{"start":{"line":103,"column":0},"end":{"line":103,"column":3}},"103":{"start":{"line":104,"column":0},"end":{"line":104,"column":29}},"104":{"start":{"line":105,"column":0},"end":{"line":105,"column":17}},"105":{"start":{"line":106,"column":0},"end":{"line":106,"column":3}},"108":{"start":{"line":109,"column":0},"end":{"line":109,"column":59}},"109":{"start":{"line":110,"column":0},"end":{"line":110,"column":49}},"110":{"start":{"line":111,"column":0},"end":{"line":111,"column":66}},"111":{"start":{"line":112,"column":0},"end":{"line":112,"column":50}},"112":{"start":{"line":113,"column":0},"end":{"line":113,"column":28}},"113":{"start":{"line":114,"column":0},"end":{"line":114,"column":56}},"114":{"start":{"line":115,"column":0},"end":{"line":115,"column":19}},"115":{"start":{"line":116,"column":0},"end":{"line":116,"column":55}},"116":{"start":{"line":117,"column":0},"end":{"line":117,"column":11}},"117":{"start":{"line":118,"column":0},"end":{"line":118,"column":3}},"118":{"start":{"line":119,"column":0},"end":{"line":119,"column":42}},"119":{"start":{"line":120,"column":0},"end":{"line":120,"column":20}},"120":{"start":{"line":121,"column":0},"end":{"line":121,"column":3}},"122":{"start":{"line":123,"column":0},"end":{"line":123,"column":24}},"123":{"start":{"line":124,"column":0},"end":{"line":124,"column":51}},"124":{"start":{"line":125,"column":0},"end":{"line":125,"column":3}}},"s":{"0":1,"1":1,"3":1,"4":1,"6":1,"7":1,"21":1,"29":1,"30":4,"31":4,"32":4,"33":4,"34":4,"36":1,"37":1,"38":1,"40":1,"41":1,"42":1,"43":1,"44":1,"45":1,"48":1,"49":7,"50":7,"51":7,"52":7,"53":7,"54":7,"55":7,"56":1,"57":1,"58":1,"59":1,"60":1,"61":6,"62":6,"63":6,"64":6,"65":6,"66":6,"67":6,"68":6,"69":6,"70":6,"71":6,"72":7,"73":1,"74":1,"75":1,"76":1,"77":1,"78":7,"80":1,"81":1,"82":1,"83":1,"84":1,"85":1,"88":1,"89":4,"90":4,"91":4,"92":4,"93":4,"94":4,"95":4,"96":1,"97":1,"98":1,"99":4,"100":2,"101":2,"102":2,"103":1,"104":1,"105":1,"108":1,"109":2,"110":2,"111":2,"112":2,"113":2,"114":2,"115":1,"116":1,"117":1,"118":1,"119":1,"120":1,"122":1,"123":1,"124":1},"branchMap":{"0":{"type":"branch","line":30,"loc":{"start":{"line":30,"column":18},"end":{"line":35,"column":3}},"locations":[{"start":{"line":30,"column":18},"end":{"line":35,"column":3}}]},"1":{"type":"branch","line":37,"loc":{"start":{"line":37,"column":13},"end":{"line":39,"column":3}},"locations":[{"start":{"line":37,"column":13},"end":{"line":39,"column":3}}]},"2":{"type":"branch","line":41,"loc":{"start":{"line":41,"column":22},"end":{"line":46,"column":3}},"locations":[{"start":{"line":41,"column":22},"end":{"line":46,"column":3}}]},"3":{"type":"branch","line":49,"loc":{"start":{"line":49,"column":19},"end":{"line":79,"column":3}},"locations":[{"start":{"line":49,"column":19},"end":{"line":79,"column":3}}]},"4":{"type":"branch","line":56,"loc":{"start":{"line":56,"column":9},"end":{"line":56,"column":31}},"locations":[{"start":{"line":56,"column":9},"end":{"line":56,"column":31}}]},"5":{"type":"branch","line":56,"loc":{"start":{"line":56,"column":21},"end":{"line":56,"column":63}},"locations":[{"start":{"line":56,"column":21},"end":{"line":56,"column":63}}]},"6":{"type":"branch","line":56,"loc":{"start":{"line":56,"column":63},"end":{"line":61,"column":5}},"locations":[{"start":{"line":56,"column":63},"end":{"line":61,"column":5}}]},"7":{"type":"branch","line":61,"loc":{"start":{"line":61,"column":4},"end":{"line":73,"column":11}},"locations":[{"start":{"line":61,"column":4},"end":{"line":73,"column":11}}]},"8":{"type":"branch","line":73,"loc":{"start":{"line":73,"column":2},"end":{"line":78,"column":3}},"locations":[{"start":{"line":73,"column":2},"end":{"line":78,"column":3}}]},"9":{"type":"branch","line":81,"loc":{"start":{"line":81,"column":26},"end":{"line":86,"column":3}},"locations":[{"start":{"line":81,"column":26},"end":{"line":86,"column":3}}]},"10":{"type":"branch","line":89,"loc":{"start":{"line":89,"column":23},"end":{"line":106,"column":3}},"locations":[{"start":{"line":89,"column":23},"end":{"line":106,"column":3}}]},"11":{"type":"branch","line":96,"loc":{"start":{"line":96,"column":13},"end":{"line":99,"column":3}},"locations":[{"start":{"line":96,"column":13},"end":{"line":99,"column":3}}]},"12":{"type":"branch","line":99,"loc":{"start":{"line":99,"column":2},"end":{"line":100,"column":38}},"locations":[{"start":{"line":99,"column":2},"end":{"line":100,"column":38}}]},"13":{"type":"branch","line":100,"loc":{"start":{"line":100,"column":38},"end":{"line":103,"column":3}},"locations":[{"start":{"line":100,"column":38},"end":{"line":103,"column":3}}]},"14":{"type":"branch","line":103,"loc":{"start":{"line":103,"column":2},"end":{"line":106,"column":3}},"locations":[{"start":{"line":103,"column":2},"end":{"line":106,"column":3}}]},"15":{"type":"branch","line":95,"loc":{"start":{"line":95,"column":26},"end":{"line":95,"column":44}},"locations":[{"start":{"line":95,"column":26},"end":{"line":95,"column":44}}]},"16":{"type":"branch","line":109,"loc":{"start":{"line":109,"column":25},"end":{"line":121,"column":3}},"locations":[{"start":{"line":109,"column":25},"end":{"line":121,"column":3}}]},"17":{"type":"branch","line":115,"loc":{"start":{"line":115,"column":18},"end":{"line":121,"column":3}},"locations":[{"start":{"line":115,"column":18},"end":{"line":121,"column":3}}]},"18":{"type":"branch","line":114,"loc":{"start":{"line":114,"column":30},"end":{"line":114,"column":54}},"locations":[{"start":{"line":114,"column":30},"end":{"line":114,"column":54}}]},"19":{"type":"branch","line":123,"loc":{"start":{"line":123,"column":17},"end":{"line":125,"column":3}},"locations":[{"start":{"line":123,"column":17},"end":{"line":125,"column":3}}]}},"b":{"0":[4],"1":[1],"2":[1],"3":[7],"4":[6],"5":[6],"6":[1],"7":[6],"8":[1],"9":[1],"10":[4],"11":[1],"12":[3],"13":[2],"14":[1],"15":[3],"16":[2],"17":[1],"18":[1],"19":[1]},"fnMap":{},"f":{}}
}
